
INFO 2024-07-05 21:37:03,345 autoreload 12072 2272 Watching for file changes with StatReloader
INFO 2024-07-05 21:37:06,208 views 12072 9252 Index page accessed
INFO 2024-07-05 21:37:06,209 basehttp 12072 9252 "GET / HTTP/1.1" 200 121
WARNING 2024-07-05 21:37:06,346 log 12072 9252 Not Found: /favicon.ico
WARNING 2024-07-05 21:37:06,347 basehttp 12072 9252 "GET /favicon.ico HTTP/1.1" 404 2545
INFO 2024-07-05 21:37:50,420 basehttp 12072 9252 "GET /hw2/ HTTP/1.1" 200 1273
INFO 2024-07-05 21:37:54,201 basehttp 12072 9252 "GET /hw2/orders/ HTTP/1.1" 200 2065
INFO 2024-07-05 21:38:18,952 views 12072 9252 Index page accessed
INFO 2024-07-05 21:38:18,952 basehttp 12072 9252 "GET / HTTP/1.1" 200 121
INFO 2024-07-05 21:38:26,941 basehttp 12072 9252 "GET /hw2/ HTTP/1.1" 200 1273
INFO 2024-07-05 21:38:30,314 basehttp 12072 9252 "GET /hw2/orders/ HTTP/1.1" 200 2065
INFO 2024-07-05 21:41:04,591 basehttp 12072 9252 "GET /hw2/orders/ HTTP/1.1" 200 2221
INFO 2024-07-05 23:07:30,167 autoreload 1348 520 Watching for file changes with StatReloader
INFO 2024-07-05 23:07:31,947 views 1348 10392 Index page accessed
INFO 2024-07-05 23:07:31,948 basehttp 1348 10392 "GET / HTTP/1.1" 200 121
INFO 2024-07-05 23:07:41,486 basehttp 1348 10392 "GET /hw2/ HTTP/1.1" 200 1134
ERROR 2024-07-05 23:07:46,051 log 1348 10392 Internal Server Error: /hw2/orders/
Traceback (most recent call last):
  File "C:\Users\Алексей\AppData\Local\Programs\Python\Python312\Lib\site-packages\django\core\handlers\exception.py", line 55, in inner
    response = get_response(request)
               ^^^^^^^^^^^^^^^^^^^^^
  File "C:\Users\Алексей\AppData\Local\Programs\Python\Python312\Lib\site-packages\django\core\handlers\base.py", line 197, in _get_response
    response = wrapped_callback(request, *callback_args, **callback_kwargs)
               ^^^^^^^^^^^^^^^^^^^^^^^^^^^^^^^^^^^^^^^^^^^^^^^^^^^^^^^^^^^^
  File "E:\Домашка\Django\hwproject\hw2app\views.py", line 44, in orders
    return render(request, "hw3/orders.html", context)
           ^^^^^^^^^^^^^^^^^^^^^^^^^^^^^^^^^^^^^^^^^^^
  File "C:\Users\Алексей\AppData\Local\Programs\Python\Python312\Lib\site-packages\django\shortcuts.py", line 25, in render
    content = loader.render_to_string(template_name, context, request, using=using)
              ^^^^^^^^^^^^^^^^^^^^^^^^^^^^^^^^^^^^^^^^^^^^^^^^^^^^^^^^^^^^^^^^^^^^^
  File "C:\Users\Алексей\AppData\Local\Programs\Python\Python312\Lib\site-packages\django\template\loader.py", line 61, in render_to_string
    template = get_template(template_name, using=using)
               ^^^^^^^^^^^^^^^^^^^^^^^^^^^^^^^^^^^^^^^^
  File "C:\Users\Алексей\AppData\Local\Programs\Python\Python312\Lib\site-packages\django\template\loader.py", line 19, in get_template
    raise TemplateDoesNotExist(template_name, chain=chain)
django.template.exceptions.TemplateDoesNotExist: hw3/orders.html
ERROR 2024-07-05 23:07:46,054 basehttp 1348 10392 "GET /hw2/orders/ HTTP/1.1" 500 81395
INFO 2024-07-05 23:08:23,927 autoreload 1348 520 E:\Домашка\Django\hwproject\hw2app\views.py changed, reloading.
INFO 2024-07-05 23:08:24,334 autoreload 17296 2924 Watching for file changes with StatReloader
ERROR 2024-07-05 23:08:29,590 log 17296 13288 Internal Server Error: /hw2/orders/
Traceback (most recent call last):
  File "C:\Users\Алексей\AppData\Local\Programs\Python\Python312\Lib\site-packages\django\core\handlers\exception.py", line 55, in inner
    response = get_response(request)
               ^^^^^^^^^^^^^^^^^^^^^
  File "C:\Users\Алексей\AppData\Local\Programs\Python\Python312\Lib\site-packages\django\core\handlers\base.py", line 197, in _get_response
    response = wrapped_callback(request, *callback_args, **callback_kwargs)
               ^^^^^^^^^^^^^^^^^^^^^^^^^^^^^^^^^^^^^^^^^^^^^^^^^^^^^^^^^^^^
  File "E:\Домашка\Django\hwproject\hw2app\views.py", line 44, in orders
    return render(request, "hw3app/orders.html", context)
           ^^^^^^^^^^^^^^^^^^^^^^^^^^^^^^^^^^^^^^^^^^^^^^
  File "C:\Users\Алексей\AppData\Local\Programs\Python\Python312\Lib\site-packages\django\shortcuts.py", line 25, in render
    content = loader.render_to_string(template_name, context, request, using=using)
              ^^^^^^^^^^^^^^^^^^^^^^^^^^^^^^^^^^^^^^^^^^^^^^^^^^^^^^^^^^^^^^^^^^^^^
  File "C:\Users\Алексей\AppData\Local\Programs\Python\Python312\Lib\site-packages\django\template\loader.py", line 61, in render_to_string
    template = get_template(template_name, using=using)
               ^^^^^^^^^^^^^^^^^^^^^^^^^^^^^^^^^^^^^^^^
  File "C:\Users\Алексей\AppData\Local\Programs\Python\Python312\Lib\site-packages\django\template\loader.py", line 19, in get_template
    raise TemplateDoesNotExist(template_name, chain=chain)
django.template.exceptions.TemplateDoesNotExist: hw3app/orders.html
ERROR 2024-07-05 23:08:29,603 basehttp 17296 13288 "GET /hw2/orders/ HTTP/1.1" 500 81586
ERROR 2024-07-05 23:08:30,814 log 17296 13288 Internal Server Error: /hw2/orders/
Traceback (most recent call last):
  File "C:\Users\Алексей\AppData\Local\Programs\Python\Python312\Lib\site-packages\django\core\handlers\exception.py", line 55, in inner
    response = get_response(request)
               ^^^^^^^^^^^^^^^^^^^^^
  File "C:\Users\Алексей\AppData\Local\Programs\Python\Python312\Lib\site-packages\django\core\handlers\base.py", line 197, in _get_response
    response = wrapped_callback(request, *callback_args, **callback_kwargs)
               ^^^^^^^^^^^^^^^^^^^^^^^^^^^^^^^^^^^^^^^^^^^^^^^^^^^^^^^^^^^^
  File "E:\Домашка\Django\hwproject\hw2app\views.py", line 44, in orders
    return render(request, "hw3app/orders.html", context)
           ^^^^^^^^^^^^^^^^^^^^^^^^^^^^^^^^^^^^^^^^^^^^^^
  File "C:\Users\Алексей\AppData\Local\Programs\Python\Python312\Lib\site-packages\django\shortcuts.py", line 25, in render
    content = loader.render_to_string(template_name, context, request, using=using)
              ^^^^^^^^^^^^^^^^^^^^^^^^^^^^^^^^^^^^^^^^^^^^^^^^^^^^^^^^^^^^^^^^^^^^^
  File "C:\Users\Алексей\AppData\Local\Programs\Python\Python312\Lib\site-packages\django\template\loader.py", line 61, in render_to_string
    template = get_template(template_name, using=using)
               ^^^^^^^^^^^^^^^^^^^^^^^^^^^^^^^^^^^^^^^^
  File "C:\Users\Алексей\AppData\Local\Programs\Python\Python312\Lib\site-packages\django\template\loader.py", line 19, in get_template
    raise TemplateDoesNotExist(template_name, chain=chain)
django.template.exceptions.TemplateDoesNotExist: hw3app/orders.html
ERROR 2024-07-05 23:08:30,816 basehttp 17296 13288 "GET /hw2/orders/ HTTP/1.1" 500 81586
ERROR 2024-07-05 23:08:31,953 log 17296 13288 Internal Server Error: /hw2/orders/
Traceback (most recent call last):
  File "C:\Users\Алексей\AppData\Local\Programs\Python\Python312\Lib\site-packages\django\core\handlers\exception.py", line 55, in inner
    response = get_response(request)
               ^^^^^^^^^^^^^^^^^^^^^
  File "C:\Users\Алексей\AppData\Local\Programs\Python\Python312\Lib\site-packages\django\core\handlers\base.py", line 197, in _get_response
    response = wrapped_callback(request, *callback_args, **callback_kwargs)
               ^^^^^^^^^^^^^^^^^^^^^^^^^^^^^^^^^^^^^^^^^^^^^^^^^^^^^^^^^^^^
  File "E:\Домашка\Django\hwproject\hw2app\views.py", line 44, in orders
    return render(request, "hw3app/orders.html", context)
           ^^^^^^^^^^^^^^^^^^^^^^^^^^^^^^^^^^^^^^^^^^^^^^
  File "C:\Users\Алексей\AppData\Local\Programs\Python\Python312\Lib\site-packages\django\shortcuts.py", line 25, in render
    content = loader.render_to_string(template_name, context, request, using=using)
              ^^^^^^^^^^^^^^^^^^^^^^^^^^^^^^^^^^^^^^^^^^^^^^^^^^^^^^^^^^^^^^^^^^^^^
  File "C:\Users\Алексей\AppData\Local\Programs\Python\Python312\Lib\site-packages\django\template\loader.py", line 61, in render_to_string
    template = get_template(template_name, using=using)
               ^^^^^^^^^^^^^^^^^^^^^^^^^^^^^^^^^^^^^^^^
  File "C:\Users\Алексей\AppData\Local\Programs\Python\Python312\Lib\site-packages\django\template\loader.py", line 19, in get_template
    raise TemplateDoesNotExist(template_name, chain=chain)
django.template.exceptions.TemplateDoesNotExist: hw3app/orders.html
ERROR 2024-07-05 23:08:31,956 basehttp 17296 13288 "GET /hw2/orders/ HTTP/1.1" 500 81586
INFO 2024-07-05 23:08:39,009 autoreload 17296 2924 E:\Домашка\Django\hwproject\hw2app\views.py changed, reloading.
INFO 2024-07-05 23:08:39,419 autoreload 17212 8628 Watching for file changes with StatReloader
ERROR 2024-07-05 23:08:43,141 log 17212 16120 Internal Server Error: /hw2/orders/
Traceback (most recent call last):
  File "C:\Users\Алексей\AppData\Local\Programs\Python\Python312\Lib\site-packages\django\core\handlers\exception.py", line 55, in inner
    response = get_response(request)
               ^^^^^^^^^^^^^^^^^^^^^
  File "C:\Users\Алексей\AppData\Local\Programs\Python\Python312\Lib\site-packages\django\core\handlers\base.py", line 197, in _get_response
    response = wrapped_callback(request, *callback_args, **callback_kwargs)
               ^^^^^^^^^^^^^^^^^^^^^^^^^^^^^^^^^^^^^^^^^^^^^^^^^^^^^^^^^^^^
  File "E:\Домашка\Django\hwproject\hw2app\views.py", line 44, in orders
    return render(request, "hw2app/orders.html", context)
           ^^^^^^^^^^^^^^^^^^^^^^^^^^^^^^^^^^^^^^^^^^^^^^
  File "C:\Users\Алексей\AppData\Local\Programs\Python\Python312\Lib\site-packages\django\shortcuts.py", line 25, in render
    content = loader.render_to_string(template_name, context, request, using=using)
              ^^^^^^^^^^^^^^^^^^^^^^^^^^^^^^^^^^^^^^^^^^^^^^^^^^^^^^^^^^^^^^^^^^^^^
  File "C:\Users\Алексей\AppData\Local\Programs\Python\Python312\Lib\site-packages\django\template\loader.py", line 61, in render_to_string
    template = get_template(template_name, using=using)
               ^^^^^^^^^^^^^^^^^^^^^^^^^^^^^^^^^^^^^^^^
  File "C:\Users\Алексей\AppData\Local\Programs\Python\Python312\Lib\site-packages\django\template\loader.py", line 19, in get_template
    raise TemplateDoesNotExist(template_name, chain=chain)
django.template.exceptions.TemplateDoesNotExist: hw2app/orders.html
ERROR 2024-07-05 23:08:43,143 basehttp 17212 16120 "GET /hw2/orders/ HTTP/1.1" 500 81586
INFO 2024-07-05 23:09:02,241 autoreload 17212 8628 E:\Домашка\Django\hwproject\hw2app\views.py changed, reloading.
INFO 2024-07-05 23:09:02,651 autoreload 16852 16176 Watching for file changes with StatReloader
INFO 2024-07-05 23:09:05,871 basehttp 16852 16812 "GET /hw2/orders/ HTTP/1.1" 200 2239
ERROR 2024-07-05 23:09:13,104 log 16852 16812 Internal Server Error: /hw2/orders/2
Traceback (most recent call last):
  File "C:\Users\Алексей\AppData\Local\Programs\Python\Python312\Lib\site-packages\django\core\handlers\exception.py", line 55, in inner
    response = get_response(request)
               ^^^^^^^^^^^^^^^^^^^^^
  File "C:\Users\Алексей\AppData\Local\Programs\Python\Python312\Lib\site-packages\django\core\handlers\base.py", line 197, in _get_response
    response = wrapped_callback(request, *callback_args, **callback_kwargs)
               ^^^^^^^^^^^^^^^^^^^^^^^^^^^^^^^^^^^^^^^^^^^^^^^^^^^^^^^^^^^^
  File "E:\Домашка\Django\hwproject\hw2app\views.py", line 19, in orders
    client = get_object_or_404(Client, id=client_id)
                               ^^^^^^
NameError: name 'Client' is not defined
ERROR 2024-07-05 23:09:13,107 basehttp 16852 16812 "GET /hw2/orders/2 HTTP/1.1" 500 64897
ERROR 2024-07-05 23:09:37,912 log 16852 16812 Internal Server Error: /hw2/orders/1
Traceback (most recent call last):
  File "C:\Users\Алексей\AppData\Local\Programs\Python\Python312\Lib\site-packages\django\core\handlers\exception.py", line 55, in inner
    response = get_response(request)
               ^^^^^^^^^^^^^^^^^^^^^
  File "C:\Users\Алексей\AppData\Local\Programs\Python\Python312\Lib\site-packages\django\core\handlers\base.py", line 197, in _get_response
    response = wrapped_callback(request, *callback_args, **callback_kwargs)
               ^^^^^^^^^^^^^^^^^^^^^^^^^^^^^^^^^^^^^^^^^^^^^^^^^^^^^^^^^^^^
  File "E:\Домашка\Django\hwproject\hw2app\views.py", line 19, in orders
    client = get_object_or_404(Client, id=client_id)
                               ^^^^^^
NameError: name 'Client' is not defined
ERROR 2024-07-05 23:09:37,914 basehttp 16852 16812 "GET /hw2/orders/1 HTTP/1.1" 500 64897
ERROR 2024-07-05 23:09:40,142 log 16852 16812 Internal Server Error: /hw2/orders/1
Traceback (most recent call last):
  File "C:\Users\Алексей\AppData\Local\Programs\Python\Python312\Lib\site-packages\django\core\handlers\exception.py", line 55, in inner
    response = get_response(request)
               ^^^^^^^^^^^^^^^^^^^^^
  File "C:\Users\Алексей\AppData\Local\Programs\Python\Python312\Lib\site-packages\django\core\handlers\base.py", line 197, in _get_response
    response = wrapped_callback(request, *callback_args, **callback_kwargs)
               ^^^^^^^^^^^^^^^^^^^^^^^^^^^^^^^^^^^^^^^^^^^^^^^^^^^^^^^^^^^^
  File "E:\Домашка\Django\hwproject\hw2app\views.py", line 19, in orders
    client = get_object_or_404(Client, id=client_id)
                               ^^^^^^
NameError: name 'Client' is not defined
ERROR 2024-07-05 23:09:40,144 basehttp 16852 16812 "GET /hw2/orders/1 HTTP/1.1" 500 65034
INFO 2024-07-05 23:10:51,169 autoreload 16852 16176 E:\Домашка\Django\hwproject\hw2app\views.py changed, reloading.
INFO 2024-07-05 23:10:51,572 autoreload 608 8736 Watching for file changes with StatReloader
ERROR 2024-07-05 23:11:00,069 log 608 4924 Internal Server Error: /hw2/orders/1
Traceback (most recent call last):
  File "C:\Users\Алексей\AppData\Local\Programs\Python\Python312\Lib\site-packages\django\core\handlers\exception.py", line 55, in inner
    response = get_response(request)
               ^^^^^^^^^^^^^^^^^^^^^
  File "C:\Users\Алексей\AppData\Local\Programs\Python\Python312\Lib\site-packages\django\core\handlers\base.py", line 197, in _get_response
    response = wrapped_callback(request, *callback_args, **callback_kwargs)
               ^^^^^^^^^^^^^^^^^^^^^^^^^^^^^^^^^^^^^^^^^^^^^^^^^^^^^^^^^^^^
  File "E:\Домашка\Django\hwproject\hw2app\views.py", line 20, in orders
    order = Order.objects.filter(buyer=client)
            ^^^^^^^^^^^^^^^^^^^^^^^^^^^^^^^^^^
  File "C:\Users\Алексей\AppData\Local\Programs\Python\Python312\Lib\site-packages\django\db\models\manager.py", line 87, in manager_method
    return getattr(self.get_queryset(), name)(*args, **kwargs)
           ^^^^^^^^^^^^^^^^^^^^^^^^^^^^^^^^^^^^^^^^^^^^^^^^^^^
  File "C:\Users\Алексей\AppData\Local\Programs\Python\Python312\Lib\site-packages\django\db\models\query.py", line 1476, in filter
    return self._filter_or_exclude(False, args, kwargs)
           ^^^^^^^^^^^^^^^^^^^^^^^^^^^^^^^^^^^^^^^^^^^^
  File "C:\Users\Алексей\AppData\Local\Programs\Python\Python312\Lib\site-packages\django\db\models\query.py", line 1494, in _filter_or_exclude
    clone._filter_or_exclude_inplace(negate, args, kwargs)
  File "C:\Users\Алексей\AppData\Local\Programs\Python\Python312\Lib\site-packages\django\db\models\query.py", line 1501, in _filter_or_exclude_inplace
    self._query.add_q(Q(*args, **kwargs))
  File "C:\Users\Алексей\AppData\Local\Programs\Python\Python312\Lib\site-packages\django\db\models\sql\query.py", line 1613, in add_q
    clause, _ = self._add_q(q_object, self.used_aliases)
                ^^^^^^^^^^^^^^^^^^^^^^^^^^^^^^^^^^^^^^^^
  File "C:\Users\Алексей\AppData\Local\Programs\Python\Python312\Lib\site-packages\django\db\models\sql\query.py", line 1645, in _add_q
    child_clause, needed_inner = self.build_filter(
                                 ^^^^^^^^^^^^^^^^^^
  File "C:\Users\Алексей\AppData\Local\Programs\Python\Python312\Lib\site-packages\django\db\models\sql\query.py", line 1495, in build_filter
    lookups, parts, reffed_expression = self.solve_lookup_type(arg, summarize)
                                        ^^^^^^^^^^^^^^^^^^^^^^^^^^^^^^^^^^^^^^
  File "C:\Users\Алексей\AppData\Local\Programs\Python\Python312\Lib\site-packages\django\db\models\sql\query.py", line 1307, in solve_lookup_type
    _, field, _, lookup_parts = self.names_to_path(lookup_splitted, self.get_meta())
                                ^^^^^^^^^^^^^^^^^^^^^^^^^^^^^^^^^^^^^^^^^^^^^^^^^^^^
  File "C:\Users\Алексей\AppData\Local\Programs\Python\Python312\Lib\site-packages\django\db\models\sql\query.py", line 1772, in names_to_path
    raise FieldError(
django.core.exceptions.FieldError: Cannot resolve keyword 'buyer' into field. Choices are: client, client_id, id, order, order_date, total_amount
ERROR 2024-07-05 23:11:00,086 basehttp 608 4924 "GET /hw2/orders/1 HTTP/1.1" 500 111751
INFO 2024-07-05 23:11:31,707 autoreload 608 8736 E:\Домашка\Django\hwproject\hw2app\views.py changed, reloading.
INFO 2024-07-05 23:11:32,109 autoreload 5784 14068 Watching for file changes with StatReloader
ERROR 2024-07-05 23:11:36,941 log 5784 12128 Internal Server Error: /hw2/orders/1
Traceback (most recent call last):
  File "C:\Users\Алексей\AppData\Local\Programs\Python\Python312\Lib\site-packages\django\core\handlers\exception.py", line 55, in inner
    response = get_response(request)
               ^^^^^^^^^^^^^^^^^^^^^
  File "C:\Users\Алексей\AppData\Local\Programs\Python\Python312\Lib\site-packages\django\core\handlers\base.py", line 197, in _get_response
    response = wrapped_callback(request, *callback_args, **callback_kwargs)
               ^^^^^^^^^^^^^^^^^^^^^^^^^^^^^^^^^^^^^^^^^^^^^^^^^^^^^^^^^^^^
  File "E:\Домашка\Django\hwproject\hw2app\views.py", line 21, in orders
    today = timezone.now()
            ^^^^^^^^^^^^
AttributeError: type object 'datetime.timezone' has no attribute 'now'
ERROR 2024-07-05 23:11:36,943 basehttp 5784 12128 "GET /hw2/orders/1 HTTP/1.1" 500 65629
INFO 2024-07-05 23:12:20,400 autoreload 5784 14068 E:\Домашка\Django\hwproject\hw2app\views.py changed, reloading.
INFO 2024-07-05 23:12:20,819 autoreload 16432 4992 Watching for file changes with StatReloader
INFO 2024-07-05 23:12:22,128 autoreload 16432 4992 E:\Домашка\Django\hwproject\hw2app\views.py changed, reloading.
INFO 2024-07-05 23:12:22,526 autoreload 16940 4144 Watching for file changes with StatReloader
INFO 2024-07-05 23:12:23,836 autoreload 16940 4144 E:\Домашка\Django\hwproject\hw2app\views.py changed, reloading.
INFO 2024-07-05 23:12:24,211 autoreload 16176 4436 Watching for file changes with StatReloader
INFO 2024-07-05 23:12:27,564 autoreload 16176 4436 E:\Домашка\Django\hwproject\hw2app\views.py changed, reloading.
INFO 2024-07-05 23:12:27,967 autoreload 3288 11440 Watching for file changes with StatReloader
INFO 2024-07-05 23:12:33,349 autoreload 3288 11440 E:\Домашка\Django\hwproject\hw2app\views.py changed, reloading.
INFO 2024-07-05 23:12:33,743 autoreload 5916 14068 Watching for file changes with StatReloader
INFO 2024-07-05 23:12:39,122 autoreload 5916 14068 E:\Домашка\Django\hwproject\hw2app\views.py changed, reloading.
INFO 2024-07-05 23:12:39,534 autoreload 12068 3292 Watching for file changes with StatReloader
ERROR 2024-07-05 23:12:42,245 log 12068 9192 Internal Server Error: /hw2/orders/1
Traceback (most recent call last):
  File "C:\Users\Алексей\AppData\Local\Programs\Python\Python312\Lib\site-packages\django\core\handlers\exception.py", line 55, in inner
    response = get_response(request)
               ^^^^^^^^^^^^^^^^^^^^^
  File "C:\Users\Алексей\AppData\Local\Programs\Python\Python312\Lib\site-packages\django\core\handlers\base.py", line 197, in _get_response
    response = wrapped_callback(request, *callback_args, **callback_kwargs)
               ^^^^^^^^^^^^^^^^^^^^^^^^^^^^^^^^^^^^^^^^^^^^^^^^^^^^^^^^^^^^
  File "E:\Домашка\Django\hwproject\hw2app\views.py", line 29, in orders
    products_week = {product for order in order_week for product in order.products.all()}
                                                                    ^^^^^^^^^^^^^^
AttributeError: 'Order' object has no attribute 'products'
ERROR 2024-07-05 23:12:42,247 basehttp 12068 9192 "GET /hw2/orders/1 HTTP/1.1" 500 66908
INFO 2024-07-05 23:13:07,440 autoreload 12068 3292 E:\Домашка\Django\hwproject\hw2app\views.py changed, reloading.
INFO 2024-07-05 23:13:07,854 autoreload 3536 14600 Watching for file changes with StatReloader
INFO 2024-07-05 23:13:10,209 autoreload 3536 14600 E:\Домашка\Django\hwproject\hw2app\views.py changed, reloading.
INFO 2024-07-05 23:13:10,580 autoreload 3000 13288 Watching for file changes with StatReloader
INFO 2024-07-05 23:13:11,881 autoreload 3000 13288 E:\Домашка\Django\hwproject\hw2app\views.py changed, reloading.
INFO 2024-07-05 23:13:12,256 autoreload 8664 17212 Watching for file changes with StatReloader
INFO 2024-07-05 23:13:14,575 autoreload 8664 17212 E:\Домашка\Django\hwproject\hw2app\views.py changed, reloading.
INFO 2024-07-05 23:13:14,958 autoreload 3292 12068 Watching for file changes with StatReloader
INFO 2024-07-05 23:13:28,499 autoreload 3292 12068 E:\Домашка\Django\hwproject\hw2app\views.py changed, reloading.
INFO 2024-07-05 23:13:28,901 autoreload 5476 11708 Watching for file changes with StatReloader
INFO 2024-07-05 23:13:34,285 autoreload 5476 11708 E:\Домашка\Django\hwproject\hw2app\views.py changed, reloading.
INFO 2024-07-05 23:13:34,679 autoreload 5332 16584 Watching for file changes with StatReloader
INFO 2024-07-05 23:13:40,079 autoreload 5332 16584 E:\Домашка\Django\hwproject\hw2app\views.py changed, reloading.
INFO 2024-07-05 23:13:40,456 autoreload 4928 8388 Watching for file changes with StatReloader
INFO 2024-07-05 23:13:43,504 basehttp 4928 16116 "GET /hw2/orders/1 HTTP/1.1" 200 1927
INFO 2024-07-05 23:14:02,580 basehttp 4928 16116 "GET /hw2/orders/3 HTTP/1.1" 200 1926
INFO 2024-07-05 23:15:34,932 autoreload 4928 8388 E:\Домашка\Django\hwproject\hw2app\views.py changed, reloading.
INFO 2024-07-05 23:15:35,336 autoreload 17280 2600 Watching for file changes with StatReloader
INFO 2024-07-07 13:35:19,462 autoreload 7880 4228 Watching for file changes with StatReloader
INFO 2024-07-07 13:35:22,526 views 7880 16980 Index page accessed
INFO 2024-07-07 13:35:22,526 basehttp 7880 16980 "GET / HTTP/1.1" 200 121
WARNING 2024-07-07 13:35:22,637 log 7880 16980 Not Found: /favicon.ico
WARNING 2024-07-07 13:35:22,637 basehttp 7880 16980 "GET /favicon.ico HTTP/1.1" 404 2545
INFO 2024-07-07 13:38:19,510 autoreload 17144 17280 Watching for file changes with StatReloader
INFO 2024-07-07 13:38:28,801 basehttp 17144 9136 "GET /hw2/ HTTP/1.1" 200 1244
INFO 2024-07-07 13:38:31,210 basehttp 17144 9136 "GET /hw2/prod_add/ HTTP/1.1" 200 2238
INFO 2024-07-07 13:40:10,454 basehttp 17144 9136 "POST /hw2/prod_add/ HTTP/1.1" 200 2392
INFO 2024-07-07 13:41:00,877 autoreload 17144 17280 E:\Домашка\Django\hwproject\hw2app\views.py changed, reloading.
INFO 2024-07-07 13:41:01,253 autoreload 1812 16212 Watching for file changes with StatReloader
INFO 2024-07-07 13:41:06,631 autoreload 1812 16212 E:\Домашка\Django\hwproject\hw2app\views.py changed, reloading.
INFO 2024-07-07 13:41:06,992 autoreload 7464 8432 Watching for file changes with StatReloader
INFO 2024-07-07 13:41:10,334 autoreload 7464 8432 E:\Домашка\Django\hwproject\hw2app\views.py changed, reloading.
INFO 2024-07-07 13:41:10,705 autoreload 11788 8712 Watching for file changes with StatReloader
INFO 2024-07-07 13:41:14,037 autoreload 11788 8712 E:\Домашка\Django\hwproject\hw2app\views.py changed, reloading.
INFO 2024-07-07 13:41:14,406 autoreload 3764 15808 Watching for file changes with StatReloader
INFO 2024-07-07 13:41:15,695 autoreload 3764 15808 E:\Домашка\Django\hwproject\hw2app\views.py changed, reloading.
INFO 2024-07-07 13:41:16,052 autoreload 4356 3680 Watching for file changes with StatReloader
INFO 2024-07-07 13:41:51,063 basehttp 4356 13928 "POST /hw2/prod_add/ HTTP/1.1" 200 2392
INFO 2024-07-07 13:44:05,520 basehttp 4356 13928 "POST /hw2/prod_add/ HTTP/1.1" 200 2395
INFO 2024-07-07 13:48:41,376 autoreload 3900 1780 Watching for file changes with StatReloader
INFO 2024-07-07 13:48:45,734 basehttp 3900 17284 "POST /hw2/prod_add/ HTTP/1.1" 200 2446
INFO 2024-07-07 13:49:30,358 basehttp 3900 17284 "POST /hw2/prod_add/ HTTP/1.1" 200 2446
INFO 2024-07-07 13:55:15,102 autoreload 6688 2064 Watching for file changes with StatReloader
INFO 2024-07-07 13:55:19,867 basehttp 6688 14040 "POST /hw2/prod_add/ HTTP/1.1" 200 2446
INFO 2024-07-07 13:55:30,249 basehttp 6688 14040 "POST /hw2/prod_add/ HTTP/1.1" 200 2446
INFO 2024-07-07 13:59:22,027 autoreload 6688 2064 E:\Домашка\Django\hwproject\hwproject\settings.py changed, reloading.
INFO 2024-07-07 13:59:22,408 autoreload 5256 11676 Watching for file changes with StatReloader
INFO 2024-07-07 13:59:30,844 autoreload 5256 11676 E:\Домашка\Django\hwproject\hwproject\settings.py changed, reloading.
INFO 2024-07-07 13:59:31,228 autoreload 18324 7776 Watching for file changes with StatReloader
INFO 2024-07-07 14:00:19,605 views 18324 13152 Index page accessed
INFO 2024-07-07 14:00:19,606 basehttp 18324 13152 "GET / HTTP/1.1" 200 121
INFO 2024-07-07 14:00:25,138 basehttp 18324 13152 "POST /hw2/prod_add/ HTTP/1.1" 200 2446
INFO 2024-07-07 14:00:33,466 basehttp 18324 13152 "POST /hw2/prod_add/ HTTP/1.1" 200 2446
INFO 2024-07-07 14:03:07,132 basehttp 18324 13152 "POST /hw2/prod_add/ HTTP/1.1" 200 2446
INFO 2024-07-07 14:09:25,979 autoreload 2548 16684 Watching for file changes with StatReloader
ERROR 2024-07-07 14:09:30,884 log 2548 6484 Internal Server Error: /hw2/prod_add/
Traceback (most recent call last):
  File "C:\Users\Алексей\AppData\Local\Programs\Python\Python312\Lib\site-packages\django\core\handlers\exception.py", line 55, in inner
    response = get_response(request)
               ^^^^^^^^^^^^^^^^^^^^^
  File "C:\Users\Алексей\AppData\Local\Programs\Python\Python312\Lib\site-packages\django\core\handlers\base.py", line 197, in _get_response
    response = wrapped_callback(request, *callback_args, **callback_kwargs)
               ^^^^^^^^^^^^^^^^^^^^^^^^^^^^^^^^^^^^^^^^^^^^^^^^^^^^^^^^^^^^
  File "E:\Домашка\Django\hwproject\hw2app\views.py", line 53, in product_action
    fs.save(res['image.name'], res['image'])
            ~~~^^^^^^^^^^^^^^
KeyError: 'image.name'
ERROR 2024-07-07 14:09:30,886 basehttp 2548 6484 "POST /hw2/prod_add/ HTTP/1.1" 500 68043
ERROR 2024-07-07 14:09:54,869 log 2548 6484 Internal Server Error: /hw2/prod_add/
Traceback (most recent call last):
  File "C:\Users\Алексей\AppData\Local\Programs\Python\Python312\Lib\site-packages\django\core\handlers\exception.py", line 55, in inner
    response = get_response(request)
               ^^^^^^^^^^^^^^^^^^^^^
  File "C:\Users\Алексей\AppData\Local\Programs\Python\Python312\Lib\site-packages\django\core\handlers\base.py", line 197, in _get_response
    response = wrapped_callback(request, *callback_args, **callback_kwargs)
               ^^^^^^^^^^^^^^^^^^^^^^^^^^^^^^^^^^^^^^^^^^^^^^^^^^^^^^^^^^^^
  File "E:\Домашка\Django\hwproject\hw2app\views.py", line 53, in product_action
    fs.save(res['image.name'], res['image'])
            ~~~^^^^^^^^^^^^^^
KeyError: 'image.name'
ERROR 2024-07-07 14:09:54,871 basehttp 2548 6484 "POST /hw2/prod_add/ HTTP/1.1" 500 68043
INFO 2024-07-07 14:10:42,953 autoreload 2548 16684 E:\Домашка\Django\hwproject\hw2app\views.py changed, reloading.
INFO 2024-07-07 14:10:43,337 autoreload 8392 17544 Watching for file changes with StatReloader
INFO 2024-07-07 14:10:44,654 autoreload 8392 17544 E:\Домашка\Django\hwproject\hw2app\views.py changed, reloading.
INFO 2024-07-07 14:10:45,033 autoreload 13592 15476 Watching for file changes with StatReloader
ERROR 2024-07-07 14:10:50,509 log 13592 9808 Internal Server Error: /hw2/prod_add/
Traceback (most recent call last):
  File "C:\Users\Алексей\AppData\Local\Programs\Python\Python312\Lib\site-packages\django\core\handlers\exception.py", line 55, in inner
    response = get_response(request)
               ^^^^^^^^^^^^^^^^^^^^^
  File "C:\Users\Алексей\AppData\Local\Programs\Python\Python312\Lib\site-packages\django\core\handlers\base.py", line 197, in _get_response
    response = wrapped_callback(request, *callback_args, **callback_kwargs)
               ^^^^^^^^^^^^^^^^^^^^^^^^^^^^^^^^^^^^^^^^^^^^^^^^^^^^^^^^^^^^
  File "E:\Домашка\Django\hwproject\hw2app\views.py", line 59, in product_action
    path_to_image = '..media/' + res['image.name']
                                 ~~~^^^^^^^^^^^^^^
KeyError: 'image.name'
ERROR 2024-07-07 14:10:50,510 basehttp 13592 9808 "POST /hw2/prod_add/ HTTP/1.1" 500 68149
ERROR 2024-07-07 14:10:59,283 log 13592 9808 Internal Server Error: /hw2/prod_add/
Traceback (most recent call last):
  File "C:\Users\Алексей\AppData\Local\Programs\Python\Python312\Lib\site-packages\django\core\handlers\exception.py", line 55, in inner
    response = get_response(request)
               ^^^^^^^^^^^^^^^^^^^^^
  File "C:\Users\Алексей\AppData\Local\Programs\Python\Python312\Lib\site-packages\django\core\handlers\base.py", line 197, in _get_response
    response = wrapped_callback(request, *callback_args, **callback_kwargs)
               ^^^^^^^^^^^^^^^^^^^^^^^^^^^^^^^^^^^^^^^^^^^^^^^^^^^^^^^^^^^^
  File "E:\Домашка\Django\hwproject\hw2app\views.py", line 59, in product_action
    path_to_image = '..media/' + res['image.name']
                                 ~~~^^^^^^^^^^^^^^
KeyError: 'image.name'
ERROR 2024-07-07 14:10:59,285 basehttp 13592 9808 "POST /hw2/prod_add/ HTTP/1.1" 500 68149
INFO 2024-07-07 14:11:02,712 basehttp 13592 9808 "GET /hw2/prod_add/ HTTP/1.1" 200 2289
ERROR 2024-07-07 14:11:28,417 log 13592 9808 Internal Server Error: /hw2/prod_add/
Traceback (most recent call last):
  File "C:\Users\Алексей\AppData\Local\Programs\Python\Python312\Lib\site-packages\django\core\handlers\exception.py", line 55, in inner
    response = get_response(request)
               ^^^^^^^^^^^^^^^^^^^^^
  File "C:\Users\Алексей\AppData\Local\Programs\Python\Python312\Lib\site-packages\django\core\handlers\base.py", line 197, in _get_response
    response = wrapped_callback(request, *callback_args, **callback_kwargs)
               ^^^^^^^^^^^^^^^^^^^^^^^^^^^^^^^^^^^^^^^^^^^^^^^^^^^^^^^^^^^^
  File "E:\Домашка\Django\hwproject\hw2app\views.py", line 59, in product_action
    path_to_image = '..media/' + res['image.name']
                                 ~~~^^^^^^^^^^^^^^
KeyError: 'image.name'
ERROR 2024-07-07 14:11:28,418 basehttp 13592 9808 "POST /hw2/prod_add/ HTTP/1.1" 500 68149
INFO 2024-07-07 14:11:49,877 autoreload 13592 15476 E:\Домашка\Django\hwproject\hw2app\views.py changed, reloading.
INFO 2024-07-07 14:11:50,264 autoreload 2204 9804 Watching for file changes with StatReloader
INFO 2024-07-07 14:11:51,555 autoreload 2204 9804 E:\Домашка\Django\hwproject\hw2app\views.py changed, reloading.
INFO 2024-07-07 14:11:51,938 autoreload 12968 3948 Watching for file changes with StatReloader
INFO 2024-07-07 14:11:57,089 basehttp 12968 17920 "GET /hw2/prod_add/ HTTP/1.1" 200 2289
INFO 2024-07-07 14:12:12,960 basehttp 12968 17920 "POST /hw2/prod_add/ HTTP/1.1" 200 2367
INFO 2024-07-07 21:20:56,049 autoreload 4812 6896 Watching for file changes with StatReloader
INFO 2024-07-07 21:21:13,363 basehttp 4812 15460 "GET /hw2/ HTTP/1.1" 200 1349
INFO 2024-07-07 21:21:16,165 basehttp 4812 15460 "GET /hw2/find_prod/ HTTP/1.1" 200 1693
INFO 2024-07-07 21:21:21,217 basehttp 4812 15460 "POST /hw2/find_prod/ HTTP/1.1" 200 1291
INFO 2024-07-07 21:28:27,987 autoreload 15400 17120 Watching for file changes with StatReloader
INFO 2024-07-07 21:28:31,423 basehttp 15400 16288 "GET /hw2/ HTTP/1.1" 200 1349
INFO 2024-07-07 21:28:32,872 basehttp 15400 16288 "GET /hw2/find_prod/ HTTP/1.1" 200 1693
INFO 2024-07-07 21:28:35,300 basehttp 15400 16288 "POST /hw2/find_prod/ HTTP/1.1" 200 1411
WARNING 2024-07-07 21:28:35,413 log 15400 16288 Not Found: /hw2/find_prod/alt="product"
WARNING 2024-07-07 21:28:35,414 basehttp 15400 16288 "GET /hw2/find_prod/alt=%22product%22 HTTP/1.1" 404 3410
INFO 2024-07-07 21:30:30,593 autoreload 15400 17120 E:\Домашка\Django\hwproject\hw2app\views.py changed, reloading.
INFO 2024-07-07 21:30:30,980 autoreload 7432 7904 Watching for file changes with StatReloader
INFO 2024-07-07 21:30:32,802 basehttp 7432 17664 "GET /hw2/find_prod/ HTTP/1.1" 200 1693
INFO 2024-07-07 21:30:38,521 autoreload 7432 7904 E:\Домашка\Django\hwproject\hw2app\views.py changed, reloading.
INFO 2024-07-07 21:30:38,896 autoreload 648 3972 Watching for file changes with StatReloader
INFO 2024-07-07 21:32:34,264 autoreload 648 3972 E:\Домашка\Django\hwproject\hw2app\views.py changed, reloading.
INFO 2024-07-07 21:32:34,647 autoreload 11672 17384 Watching for file changes with StatReloader
INFO 2024-07-07 21:32:37,832 autoreload 11672 17384 E:\Домашка\Django\hwproject\hw2app\views.py changed, reloading.
INFO 2024-07-07 21:32:38,190 autoreload 14644 7472 Watching for file changes with StatReloader
INFO 2024-07-07 21:32:39,347 autoreload 14644 7472 E:\Домашка\Django\hwproject\hw2app\views.py changed, reloading.
INFO 2024-07-07 21:32:39,714 autoreload 11900 18148 Watching for file changes with StatReloader
INFO 2024-07-07 21:32:42,038 autoreload 11900 18148 E:\Домашка\Django\hwproject\hw2app\views.py changed, reloading.
INFO 2024-07-07 21:32:42,406 autoreload 6412 11680 Watching for file changes with StatReloader
INFO 2024-07-07 21:32:56,642 basehttp 6412 7384 "POST /hw2/find_prod/ HTTP/1.1" 200 1468
WARNING 2024-07-07 21:32:56,653 log 6412 7384 Not Found: /hw2/find_prod/..media/glas.jpg
WARNING 2024-07-07 21:32:56,653 basehttp 6412 7384 "GET /hw2/find_prod/..media/glas.jpg HTTP/1.1" 404 3393
INFO 2024-07-07 21:36:08,327 autoreload 7484 316 Watching for file changes with StatReloader
INFO 2024-07-07 21:36:11,527 basehttp 7484 6236 "GET /hw2/ HTTP/1.1" 200 1349
INFO 2024-07-07 21:36:12,491 basehttp 7484 6236 "GET /hw2/prod_add/ HTTP/1.1" 200 2394
INFO 2024-07-07 21:36:31,247 basehttp 7484 6236 "POST /hw2/prod_add/ HTTP/1.1" 200 2470
INFO 2024-07-07 21:36:58,554 basehttp 7484 6236 "GET /hw2/find_prod/ HTTP/1.1" 200 1693
INFO 2024-07-07 21:37:00,736 basehttp 7484 6236 "POST /hw2/find_prod/ HTTP/1.1" 200 1468
WARNING 2024-07-07 21:37:00,749 log 7484 6236 Not Found: /hw2/find_prod/..media/glas.jpg
WARNING 2024-07-07 21:37:00,749 basehttp 7484 6236 "GET /hw2/find_prod/..media/glas.jpg HTTP/1.1" 404 3393
INFO 2024-07-07 21:39:06,673 autoreload 4796 15352 Watching for file changes with StatReloader
INFO 2024-07-07 21:39:10,890 basehttp 4796 12368 "GET /hw2/ HTTP/1.1" 200 1349
INFO 2024-07-07 21:39:12,071 basehttp 4796 12368 "GET /hw2/prod_add/ HTTP/1.1" 200 2394
INFO 2024-07-07 21:39:42,157 basehttp 4796 12368 "POST /hw2/prod_add/ HTTP/1.1" 200 2472
INFO 2024-07-07 21:39:44,602 basehttp 4796 12368 "GET /hw2/find_prod/ HTTP/1.1" 200 1693
INFO 2024-07-07 21:39:48,791 basehttp 4796 12368 "POST /hw2/find_prod/ HTTP/1.1" 200 1470
WARNING 2024-07-07 21:39:48,802 log 4796 12368 Not Found: /hw2/find_prod/...media/glas.jpg
WARNING 2024-07-07 21:39:48,802 basehttp 4796 12368 "GET /hw2/find_prod/...media/glas.jpg HTTP/1.1" 404 3396
INFO 2024-07-07 22:14:33,125 autoreload 9492 17132 Watching for file changes with StatReloader
INFO 2024-07-07 22:14:41,766 views 9492 17780 Index page accessed
INFO 2024-07-07 22:14:41,767 basehttp 9492 17780 "GET / HTTP/1.1" 200 121
INFO 2024-07-07 22:14:46,771 basehttp 9492 17780 "GET /hw2/ HTTP/1.1" 200 1349
INFO 2024-07-07 22:14:49,638 basehttp 9492 17780 "GET /hw2/prod_add/ HTTP/1.1" 200 2394
INFO 2024-07-07 22:15:08,115 basehttp 9492 17780 "POST /hw2/prod_add/ HTTP/1.1" 200 2471
INFO 2024-07-07 22:15:10,962 basehttp 9492 17780 "GET /hw2/find_prod/ HTTP/1.1" 200 1693
INFO 2024-07-07 22:15:13,004 basehttp 9492 17780 "POST /hw2/find_prod/ HTTP/1.1" 200 1474
WARNING 2024-07-07 22:15:13,014 log 9492 17780 Not Found: /media/glas.jpg
WARNING 2024-07-07 22:15:13,015 basehttp 9492 17780 "GET /media/glas.jpg HTTP/1.1" 404 2554
INFO 2024-07-07 22:17:19,851 autoreload 15016 16272 Watching for file changes with StatReloader
INFO 2024-07-07 22:17:21,872 views 15016 2888 Index page accessed
INFO 2024-07-07 22:17:21,873 basehttp 15016 2888 "GET / HTTP/1.1" 200 121
INFO 2024-07-07 22:17:27,311 basehttp 15016 2888 "GET /hw2/ HTTP/1.1" 200 1349
INFO 2024-07-07 22:17:28,472 basehttp 15016 2888 "GET /hw2/prod_add/ HTTP/1.1" 200 2394
INFO 2024-07-07 22:17:43,997 basehttp 15016 2888 "POST /hw2/prod_add/ HTTP/1.1" 200 2469
INFO 2024-07-07 22:20:11,939 basehttp 15016 2888 "GET /hw2/find_prod/ HTTP/1.1" 200 1693
INFO 2024-07-07 22:20:15,152 basehttp 15016 2888 "POST /hw2/find_prod/ HTTP/1.1" 200 1478
WARNING 2024-07-07 22:20:15,165 log 15016 2888 Not Found: /hw2/media/glas.jpg'
WARNING 2024-07-07 22:20:15,166 basehttp 15016 2888 "GET /hw2/media/glas.jpg' HTTP/1.1" 404 3375
INFO 2024-07-07 22:22:15,575 autoreload 15016 16272 E:\Домашка\Django\hwproject\hw2app\views.py changed, reloading.
INFO 2024-07-07 22:22:15,971 autoreload 6332 1932 Watching for file changes with StatReloader
INFO 2024-07-07 22:24:04,133 autoreload 10252 5652 Watching for file changes with StatReloader
INFO 2024-07-07 22:24:04,811 basehttp 10252 2548 "GET /hw2/find_prod/ HTTP/1.1" 200 1693
INFO 2024-07-07 22:24:10,027 basehttp 10252 2548 "POST /hw2/find_prod/ HTTP/1.1" 200 1475
WARNING 2024-07-07 22:24:10,037 log 10252 2548 Not Found: /media/glas.jpg
WARNING 2024-07-07 22:24:10,038 basehttp 10252 2548 "GET /media/glas.jpg HTTP/1.1" 404 2554
INFO 2024-07-07 22:24:42,227 autoreload 10252 5652 E:\Домашка\Django\hwproject\hw2app\views.py changed, reloading.
INFO 2024-07-07 22:24:42,625 autoreload 5932 17232 Watching for file changes with StatReloader
INFO 2024-07-07 22:24:43,940 autoreload 5932 17232 E:\Домашка\Django\hwproject\hw2app\views.py changed, reloading.
INFO 2024-07-07 22:24:44,332 autoreload 3864 13064 Watching for file changes with StatReloader
INFO 2024-07-07 22:24:52,612 autoreload 3864 13064 E:\Домашка\Django\hwproject\hw2app\views.py changed, reloading.
INFO 2024-07-07 22:24:52,995 autoreload 1944 15132 Watching for file changes with StatReloader
INFO 2024-07-07 22:24:56,332 autoreload 1944 15132 E:\Домашка\Django\hwproject\hw2app\views.py changed, reloading.
INFO 2024-07-07 22:24:56,704 autoreload 14060 6780 Watching for file changes with StatReloader
INFO 2024-07-07 22:24:57,993 autoreload 14060 6780 E:\Домашка\Django\hwproject\hw2app\views.py changed, reloading.
INFO 2024-07-07 22:24:58,354 autoreload 2592 7716 Watching for file changes with StatReloader
INFO 2024-07-07 22:25:00,539 autoreload 2592 7716 E:\Домашка\Django\hwproject\hw2app\views.py changed, reloading.
INFO 2024-07-07 22:25:00,906 autoreload 11988 16080 Watching for file changes with StatReloader
INFO 2024-07-07 22:25:03,091 basehttp 11988 15352 "POST /hw2/find_prod/ HTTP/1.1" 200 1475
WARNING 2024-07-07 22:25:03,101 log 11988 15352 Not Found: /media/glas.jpg
WARNING 2024-07-07 22:25:03,101 basehttp 11988 15352 "GET /media/glas.jpg HTTP/1.1" 404 2554
INFO 2024-07-07 22:25:05,628 basehttp 11988 15352 "GET /hw2/find_prod/ HTTP/1.1" 200 1693
INFO 2024-07-07 22:25:07,888 basehttp 11988 15352 "POST /hw2/find_prod/ HTTP/1.1" 200 1475
WARNING 2024-07-07 22:25:07,900 log 11988 15352 Not Found: /media/glas.jpg
WARNING 2024-07-07 22:25:07,900 basehttp 11988 15352 "GET /media/glas.jpg HTTP/1.1" 404 2554
INFO 2024-07-07 22:27:03,565 autoreload 11988 16080 E:\Домашка\Django\hwproject\hw2app\views.py changed, reloading.
INFO 2024-07-07 22:27:03,963 autoreload 4412 17948 Watching for file changes with StatReloader
INFO 2024-07-07 22:27:06,291 autoreload 4412 17948 E:\Домашка\Django\hwproject\hw2app\views.py changed, reloading.
INFO 2024-07-07 22:27:06,681 autoreload 9912 17496 Watching for file changes with StatReloader
INFO 2024-07-07 22:27:31,229 autoreload 8216 18360 Watching for file changes with StatReloader
INFO 2024-07-07 22:27:33,849 basehttp 8216 12020 "GET /hw2/prod_add/ HTTP/1.1" 200 2394
INFO 2024-07-07 22:27:45,481 basehttp 8216 12020 "POST /hw2/prod_add/ HTTP/1.1" 200 2469
INFO 2024-07-07 22:27:47,820 basehttp 8216 12020 "GET /hw2/find_prod/ HTTP/1.1" 200 1693
INFO 2024-07-07 22:27:50,231 basehttp 8216 12020 "POST /hw2/find_prod/ HTTP/1.1" 200 1478
WARNING 2024-07-07 22:27:50,245 log 8216 12020 Not Found: /media/glas.jpg
WARNING 2024-07-07 22:27:50,245 basehttp 8216 12020 "GET /media/glas.jpg HTTP/1.1" 404 2554
INFO 2024-07-07 22:28:06,564 autoreload 8216 18360 E:\Домашка\Django\hwproject\hw2app\views.py changed, reloading.
INFO 2024-07-07 22:28:06,994 autoreload 9392 15628 Watching for file changes with StatReloader
INFO 2024-07-07 22:28:12,373 autoreload 9392 15628 E:\Домашка\Django\hwproject\hw2app\views.py changed, reloading.
INFO 2024-07-07 22:28:12,753 autoreload 6648 2628 Watching for file changes with StatReloader
INFO 2024-07-07 22:28:14,058 autoreload 6648 2628 E:\Домашка\Django\hwproject\hw2app\views.py changed, reloading.
INFO 2024-07-07 22:28:14,450 autoreload 17208 12548 Watching for file changes with StatReloader
INFO 2024-07-07 22:28:55,255 basehttp 17208 3108 "POST /hw2/find_prod/ HTTP/1.1" 200 1478
WARNING 2024-07-07 22:28:55,266 log 17208 3108 Not Found: /media/glas.jpg
WARNING 2024-07-07 22:28:55,266 basehttp 17208 3108 "GET /media/glas.jpg HTTP/1.1" 404 2554
INFO 2024-07-07 22:32:36,684 autoreload 17208 12548 E:\Домашка\Django\hwproject\hw2app\views.py changed, reloading.
INFO 2024-07-07 22:32:37,086 autoreload 11628 18204 Watching for file changes with StatReloader
INFO 2024-07-09 20:23:10,332 autoreload 9316 1580 Watching for file changes with StatReloader
INFO 2024-07-09 20:23:17,060 views 9316 5708 Index page accessed
INFO 2024-07-09 20:23:17,061 basehttp 9316 5708 "GET / HTTP/1.1" 200 121
WARNING 2024-07-09 20:23:17,223 log 9316 5708 Not Found: /favicon.ico
WARNING 2024-07-09 20:23:17,224 basehttp 9316 5708 "GET /favicon.ico HTTP/1.1" 404 2545
INFO 2024-07-09 20:23:20,517 basehttp 9316 5708 "GET /hw2/ HTTP/1.1" 200 1349
INFO 2024-07-09 20:23:23,923 basehttp 9316 5708 "GET /admin HTTP/1.1" 301 0
INFO 2024-07-09 20:23:23,930 basehttp 9316 13644 "GET /admin/ HTTP/1.1" 302 0
INFO 2024-07-09 20:23:24,011 basehttp 9316 13644 "GET /admin/login/?next=/admin/ HTTP/1.1" 200 4359
INFO 2024-07-09 20:23:24,108 basehttp 9316 13644 "GET /static/admin/css/base.css HTTP/1.1" 200 21544
INFO 2024-07-09 20:23:24,111 basehttp 9316 10728 "GET /static/admin/js/theme.js HTTP/1.1" 200 1943
INFO 2024-07-09 20:23:24,116 basehttp 9316 16980 "GET /static/admin/css/nav_sidebar.css HTTP/1.1" 200 2810
INFO 2024-07-09 20:23:24,119 basehttp 9316 13644 "GET /static/admin/js/nav_sidebar.js HTTP/1.1" 200 3063
INFO 2024-07-09 20:23:24,124 basehttp 9316 5536 "GET /static/admin/css/responsive.css HTTP/1.1" 200 17905
INFO 2024-07-09 20:23:24,124 basehttp 9316 2376 "GET /static/admin/css/dark_mode.css HTTP/1.1" 200 2682
INFO 2024-07-09 20:23:24,126 basehttp 9316 10452 "GET /static/admin/css/login.css HTTP/1.1" 200 958
INFO 2024-07-09 20:24:43,435 autoreload 10524 14192 Watching for file changes with StatReloader
INFO 2024-07-09 20:24:46,514 basehttp 10524 10960 "GET /admin/login/?next=/admin/ HTTP/1.1" 200 4359
INFO 2024-07-09 20:25:00,789 basehttp 10524 10960 "POST /admin/login/?next=/admin/ HTTP/1.1" 302 0
INFO 2024-07-09 20:25:00,812 basehttp 10524 10960 "GET /admin/ HTTP/1.1" 200 7515
INFO 2024-07-09 20:25:00,848 basehttp 10524 10960 "GET /static/admin/css/dashboard.css HTTP/1.1" 200 441
INFO 2024-07-09 20:25:00,856 basehttp 10524 15332 "GET /static/admin/img/icon-changelink.svg HTTP/1.1" 200 380
INFO 2024-07-09 20:25:00,856 basehttp 10524 10960 "GET /static/admin/img/icon-addlink.svg HTTP/1.1" 200 331
INFO 2024-07-09 20:25:22,099 basehttp 10524 10960 "GET /admin/hw2app/client/ HTTP/1.1" 200 14665
INFO 2024-07-09 20:25:22,111 basehttp 10524 10960 "GET /static/admin/css/changelists.css HTTP/1.1" 200 6811
INFO 2024-07-09 20:25:22,116 basehttp 10524 3388 "GET /static/admin/js/jquery.init.js HTTP/1.1" 200 347
INFO 2024-07-09 20:25:22,120 basehttp 10524 7560 "GET /static/admin/js/admin/RelatedObjectLookups.js HTTP/1.1" 200 9042
INFO 2024-07-09 20:25:22,120 basehttp 10524 16268 "GET /static/admin/js/core.js HTTP/1.1" 200 6208
INFO 2024-07-09 20:25:22,126 basehttp 10524 10960 "GET /static/admin/js/actions.js HTTP/1.1" 200 8067
INFO 2024-07-09 20:25:22,127 basehttp 10524 3388 "GET /static/admin/js/urlify.js HTTP/1.1" 200 7887
INFO 2024-07-09 20:25:22,127 basehttp 10524 15332 "GET /admin/jsi18n/ HTTP/1.1" 200 17546
INFO 2024-07-09 20:25:22,131 basehttp 10524 7560 "GET /static/admin/js/prepopulate.js HTTP/1.1" 200 1531
INFO 2024-07-09 20:25:22,133 basehttp 10524 10960 "GET /static/admin/img/search.svg HTTP/1.1" 200 458
INFO 2024-07-09 20:25:22,147 basehttp 10524 5888 "GET /static/admin/js/vendor/jquery/jquery.js HTTP/1.1" 200 285314
INFO 2024-07-09 20:25:22,160 basehttp 10524 5888 "GET /static/admin/js/filters.js HTTP/1.1" 200 978
INFO 2024-07-09 20:25:22,183 basehttp 10524 16268 "GET /static/admin/js/vendor/xregexp/xregexp.js HTTP/1.1" 200 325171
INFO 2024-07-09 20:25:22,199 basehttp 10524 16268 "GET /static/admin/img/tooltag-add.svg HTTP/1.1" 200 331
INFO 2024-07-09 20:25:22,199 basehttp 10524 10960 "GET /static/admin/img/icon-viewlink.svg HTTP/1.1" 200 581
INFO 2024-07-09 20:25:22,199 basehttp 10524 5888 "GET /static/admin/img/sorting-icons.svg HTTP/1.1" 200 1097
INFO 2024-07-09 20:25:31,513 basehttp 10524 5888 "GET /admin/hw2app/client/1/change/ HTTP/1.1" 200 12583
INFO 2024-07-09 20:25:31,525 basehttp 10524 7560 "GET /admin/jsi18n/ HTTP/1.1" 200 17546
INFO 2024-07-09 20:25:31,529 basehttp 10524 5888 "GET /static/admin/css/forms.css HTTP/1.1" 200 9090
INFO 2024-07-09 20:25:31,531 basehttp 10524 16268 "GET /static/admin/js/prepopulate_init.js HTTP/1.1" 200 586
INFO 2024-07-09 20:25:31,532 basehttp 10524 10960 "GET /static/admin/js/collapse.js HTTP/1.1" 200 1803
INFO 2024-07-09 20:25:31,536 basehttp 10524 5888 "GET /static/admin/css/widgets.css HTTP/1.1" 200 11800
INFO 2024-07-09 20:25:31,541 basehttp 10524 10960 "GET /static/admin/js/change_form.js HTTP/1.1" 200 606
INFO 2024-07-09 20:25:59,448 basehttp 10524 10960 "GET /admin/hw2app/order/ HTTP/1.1" 200 14847
INFO 2024-07-09 20:25:59,457 basehttp 10524 10960 "GET /admin/jsi18n/ HTTP/1.1" 200 17546
INFO 2024-07-09 20:26:01,709 basehttp 10524 10960 "GET /admin/hw2app/order/1/change/ HTTP/1.1" 200 15045
INFO 2024-07-09 20:26:01,721 basehttp 10524 10960 "GET /admin/jsi18n/ HTTP/1.1" 200 17546
INFO 2024-07-09 20:26:19,053 basehttp 10524 10960 "GET /admin/hw2app/product/ HTTP/1.1" 200 18660
INFO 2024-07-09 20:26:19,062 basehttp 10524 10960 "GET /admin/jsi18n/ HTTP/1.1" 200 17546
INFO 2024-07-09 20:26:20,362 basehttp 10524 10960 "GET /admin/hw2app/product/2/change/ HTTP/1.1" 200 13125
INFO 2024-07-09 20:26:20,373 basehttp 10524 10960 "GET /admin/jsi18n/ HTTP/1.1" 200 17546
